# JRE version: Java(TM) SE Runtime Environment (8.0_05-b13) (build 1.8.0_05-b13)
# Java VM: Java HotSpot(TM) 64-Bit Server VM (25.5-b02 mixed mode windows-amd64 compressed oops)
Heap:
 PSYoungGen      total 216064K, used 164158K [0x00000000d5d00000, 0x00000000e4380000, 0x0000000100000000)
  eden space 197632K, 78% used [0x00000000d5d00000,0x00000000df39c1b0,0x00000000e1e00000)
  from space 18432K, 53% used [0x00000000e1e00000,0x00000000e27b36e8,0x00000000e3000000)
  to   space 18432K, 0% used [0x00000000e3180000,0x00000000e3180000,0x00000000e4380000)
 ParOldGen       total 116224K, used 90599K [0x0000000081600000, 0x0000000088780000, 0x00000000d5d00000)
  object space 116224K, 77% used [0x0000000081600000,0x0000000086e79d40,0x0000000088780000)
 Metaspace       used 92723K, capacity 98536K, committed 98816K, reserved 1136640K
  class space    used 10777K, capacity 11700K, committed 11776K, reserved 1048576K
GC Heap History (10 events):
Event: 1861.063 GC heap before
{Heap before GC invocations=103 (full 16):
 PSYoungGen      total 213504K, used 207869K [0x00000000d5d00000, 0x00000000e4200000, 0x0000000100000000)
  eden space 195584K, 100% used [0x00000000d5d00000,0x00000000e1c00000,0x00000000e1c00000)
  from space 17920K, 68% used [0x00000000e3080000,0x00000000e3c7f7e0,0x00000000e4200000)
  to   space 19456K, 0% used [0x00000000e1c00000,0x00000000e1c00000,0x00000000e2f00000)
 ParOldGen       total 90624K, used 84338K [0x0000000081600000, 0x0000000086e80000, 0x00000000d5d00000)
  object space 90624K, 93% used [0x0000000081600000,0x000000008685c958,0x0000000086e80000)
 Metaspace       used 90276K, capacity 96112K, committed 96256K, reserved 1134592K
  class space    used 10544K, capacity 11463K, committed 11520K, reserved 1048576K
Event: 1861.081 GC heap after
Heap after GC invocations=103 (full 16):
 PSYoungGen      total 215040K, used 12310K [0x00000000d5d00000, 0x00000000e4300000, 0x0000000100000000)
  eden space 195584K, 0% used [0x00000000d5d00000,0x00000000d5d00000,0x00000000e1c00000)
  from space 19456K, 63% used [0x00000000e1c00000,0x00000000e2805848,0x00000000e2f00000)
  to   space 18944K, 0% used [0x00000000e3080000,0x00000000e3080000,0x00000000e4300000)
 ParOldGen       total 90624K, used 84338K [0x0000000081600000, 0x0000000086e80000, 0x00000000d5d00000)
  object space 90624K, 93% used [0x0000000081600000,0x000000008685c958,0x0000000086e80000)
 Metaspace       used 90276K, capacity 96112K, committed 96256K, reserved 1134592K
  class space    used 10544K, capacity 11463K, committed 11520K, reserved 1048576K
}
Event: 1964.753 GC heap before
{Heap before GC invocations=104 (full 16):
 PSYoungGen      total 215040K, used 175447K [0x00000000d5d00000, 0x00000000e4300000, 0x0000000100000000)
  eden space 195584K, 83% used [0x00000000d5d00000,0x00000000dfc504d0,0x00000000e1c00000)
  from space 19456K, 63% used [0x00000000e1c00000,0x00000000e2805848,0x00000000e2f00000)
  to   space 18944K, 0% used [0x00000000e3080000,0x00000000e3080000,0x00000000e4300000)
 ParOldGen       total 90624K, used 84338K [0x0000000081600000, 0x0000000086e80000, 0x00000000d5d00000)
  object space 90624K, 93% used [0x0000000081600000,0x000000008685c958,0x0000000086e80000)
 Metaspace       used 90366K, capacity 96124K, committed 96256K, reserved 1134592K
  class space    used 10550K, capacity 11466K, committed 11520K, reserved 1048576K
Event: 1964.761 GC heap after
Heap after GC invocations=104 (full 16):
 PSYoungGen      total 215552K, used 9013K [0x00000000d5d00000, 0x00000000e4200000, 0x0000000100000000)
  eden space 197632K, 0% used [0x00000000d5d00000,0x00000000d5d00000,0x00000000e1e00000)
  from space 17920K, 50% used [0x00000000e3080000,0x00000000e394d7e8,0x00000000e4200000)
  to   space 18432K, 0% used [0x00000000e1e00000,0x00000000e1e00000,0x00000000e3000000)
 ParOldGen       total 90624K, used 84338K [0x0000000081600000, 0x0000000086e80000, 0x00000000d5d00000)
  object space 90624K, 93% used [0x0000000081600000,0x000000008685c958,0x0000000086e80000)
 Metaspace       used 90366K, capacity 96124K, committed 96256K, reserved 1134592K
  class space    used 10550K, capacity 11466K, committed 11520K, reserved 1048576K
}
Event: 1964.761 GC heap before
{Heap before GC invocations=105 (full 17):
 PSYoungGen      total 215552K, used 9013K [0x00000000d5d00000, 0x00000000e4200000, 0x0000000100000000)
  eden space 197632K, 0% used [0x00000000d5d00000,0x00000000d5d00000,0x00000000e1e00000)
  from space 17920K, 50% used [0x00000000e3080000,0x00000000e394d7e8,0x00000000e4200000)
  to   space 18432K, 0% used [0x00000000e1e00000,0x00000000e1e00000,0x00000000e3000000)
 ParOldGen       total 90624K, used 84338K [0x0000000081600000, 0x0000000086e80000, 0x00000000d5d00000)
  object space 90624K, 93% used [0x0000000081600000,0x000000008685c958,0x0000000086e80000)
 Metaspace       used 90366K, capacity 96124K, committed 96256K, reserved 1134592K
  class space    used 10550K, capacity 11466K, committed 11520K, reserved 1048576K
Event: 1965.174 GC heap after
Heap after GC invocations=105 (full 17):
 PSYoungGen      total 215552K, used 0K [0x00000000d5d00000, 0x00000000e4200000, 0x0000000100000000)
  eden space 197632K, 0% used [0x00000000d5d00000,0x00000000d5d00000,0x00000000e1e00000)
  from space 17920K, 0% used [0x00000000e3080000,0x00000000e3080000,0x00000000e4200000)
  to   space 18432K, 0% used [0x00000000e1e00000,0x00000000e1e00000,0x00000000e3000000)
 ParOldGen       total 90624K, used 90524K [0x0000000081600000, 0x0000000086e80000, 0x00000000d5d00000)
  object space 90624K, 99% used [0x0000000081600000,0x0000000086e67298,0x0000000086e80000)
 Metaspace       used 90279K, capacity 95986K, committed 96256K, reserved 1134592K
  class space    used 10537K, capacity 11443K, committed 11520K, reserved 1048576K
}
Event: 1965.961 GC heap before
{Heap before GC invocations=106 (full 18):
 PSYoungGen      total 215552K, used 197632K [0x00000000d5d00000, 0x00000000e4200000, 0x0000000100000000)
  eden space 197632K, 100% used [0x00000000d5d00000,0x00000000e1e00000,0x00000000e1e00000)
  from space 17920K, 0% used [0x00000000e3080000,0x00000000e3080000,0x00000000e4200000)
  to   space 18432K, 0% used [0x00000000e1e00000,0x00000000e1e00000,0x00000000e3000000)
 ParOldGen       total 90624K, used 90524K [0x0000000081600000, 0x0000000086e80000, 0x00000000d5d00000)
  object space 90624K, 99% used [0x0000000081600000,0x0000000086e67298,0x0000000086e80000)
 Metaspace       used 91112K, capacity 96872K, committed 97152K, reserved 1134592K
  class space    used 10635K, capacity 11550K, committed 11648K, reserved 1048576K
Event: 1966.385 GC heap after
Heap after GC invocations=106 (full 18):
 PSYoungGen      total 215552K, used 8862K [0x00000000d5d00000, 0x00000000e4200000, 0x0000000100000000)
  eden space 197632K, 4% used [0x00000000d5d00000,0x00000000d65a7838,0x00000000e1e00000)
  from space 17920K, 0% used [0x00000000e3080000,0x00000000e3080000,0x00000000e4200000)
  to   space 18432K, 0% used [0x00000000e1e00000,0x00000000e1e00000,0x00000000e3000000)
 ParOldGen       total 116224K, used 90599K [0x0000000081600000, 0x0000000088780000, 0x00000000d5d00000)
  object space 116224K, 77% used [0x0000000081600000,0x0000000086e79d40,0x0000000088780000)
 Metaspace       used 91112K, capacity 96872K, committed 97152K, reserved 1134592K
  class space    used 10635K, capacity 11550K, committed 11648K, reserved 1048576K
}
Event: 1967.202 GC heap before
{Heap before GC invocations=107 (full 18):
 PSYoungGen      total 215552K, used 197632K [0x00000000d5d00000, 0x00000000e4200000, 0x0000000100000000)
  eden space 197632K, 100% used [0x00000000d5d00000,0x00000000e1e00000,0x00000000e1e00000)
  from space 17920K, 0% used [0x00000000e3080000,0x00000000e3080000,0x00000000e4200000)
  to   space 18432K, 0% used [0x00000000e1e00000,0x00000000e1e00000,0x00000000e3000000)
 ParOldGen       total 116224K, used 90599K [0x0000000081600000, 0x0000000088780000, 0x00000000d5d00000)
  object space 116224K, 77% used [0x0000000081600000,0x0000000086e79d40,0x0000000088780000)
 Metaspace       used 92501K, capacity 98334K, committed 98560K, reserved 1136640K
  class space    used 10754K, capacity 11697K, committed 11776K, reserved 1048576K
Event: 1967.223 GC heap after
Heap after GC invocations=107 (full 18):
 PSYoungGen      total 216064K, used 9933K [0x00000000d5d00000, 0x00000000e4380000, 0x0000000100000000)
  eden space 197632K, 0% used [0x00000000d5d00000,0x00000000d5d00000,0x00000000e1e00000)
  from space 18432K, 53% used [0x00000000e1e00000,0x00000000e27b36e8,0x00000000e3000000)
  to   space 18432K, 0% used [0x00000000e3180000,0x00000000e3180000,0x00000000e4380000)
 ParOldGen       total 116224K, used 90599K [0x0000000081600000, 0x0000000088780000, 0x00000000d5d00000)
  object space 116224K, 77% used [0x0000000081600000,0x0000000086e79d40,0x0000000088780000)
 Metaspace       used 92501K, capacity 98334K, committed 98560K, reserved 1136640K
  class space    used 10754K, capacity 11697K, committed 11776K, reserved 1048576K
}

