# JRE version: Java(TM) SE Runtime Environment (8.0_05-b13) (build 1.8.0_05-b13)
# Java VM: Java HotSpot(TM) 64-Bit Server VM (25.5-b02 mixed mode windows-amd64 compressed oops)
Heap:
 PSYoungGen      total 171008K, used 34730K [0x00000000d5d00000, 0x00000000e1980000, 0x0000000100000000)
  eden space 150016K, 23% used [0x00000000d5d00000,0x00000000d7eea970,0x00000000def80000)
  from space 20992K, 0% used [0x00000000e0500000,0x00000000e0500000,0x00000000e1980000)
  to   space 21504K, 0% used [0x00000000def80000,0x00000000def80000,0x00000000e0480000)
 ParOldGen       total 69120K, used 68426K [0x0000000081600000, 0x0000000085980000, 0x00000000d5d00000)
  object space 69120K, 98% used [0x0000000081600000,0x00000000858d29f0,0x0000000085980000)
 Metaspace       used 89143K, capacity 95146K, committed 95488K, reserved 1132544K
  class space    used 10720K, capacity 11668K, committed 11776K, reserved 1048576K
GC Heap History (10 events):
Event: 2285.378 GC heap before
{Heap before GC invocations=100 (full 13):
 PSYoungGen      total 170496K, used 153016K [0x00000000d5d00000, 0x00000000e1980000, 0x0000000100000000)
  eden space 147456K, 100% used [0x00000000d5d00000,0x00000000ded00000,0x00000000ded00000)
  from space 23040K, 24% used [0x00000000ded00000,0x00000000df26e270,0x00000000e0380000)
  to   space 22528K, 0% used [0x00000000e0380000,0x00000000e0380000,0x00000000e1980000)
 ParOldGen       total 54784K, used 54523K [0x0000000081600000, 0x0000000084b80000, 0x00000000d5d00000)
  object space 54784K, 99% used [0x0000000081600000,0x0000000084b3ec38,0x0000000084b80000)
 Metaspace       used 87201K, capacity 92822K, committed 93184K, reserved 1130496K
  class space    used 10533K, capacity 11440K, committed 11520K, reserved 1048576K
Event: 2285.649 GC heap after
Heap after GC invocations=100 (full 13):
 PSYoungGen      total 170496K, used 13286K [0x00000000d5d00000, 0x00000000e1980000, 0x0000000100000000)
  eden space 147456K, 9% used [0x00000000d5d00000,0x00000000d69f98c0,0x00000000ded00000)
  from space 23040K, 0% used [0x00000000ded00000,0x00000000ded00000,0x00000000e0380000)
  to   space 22528K, 0% used [0x00000000e0380000,0x00000000e0380000,0x00000000e1980000)
 ParOldGen       total 69120K, used 54736K [0x0000000081600000, 0x0000000085980000, 0x00000000d5d00000)
  object space 69120K, 79% used [0x0000000081600000,0x0000000084b741f0,0x0000000085980000)
 Metaspace       used 87201K, capacity 92822K, committed 93184K, reserved 1130496K
  class space    used 10533K, capacity 11440K, committed 11520K, reserved 1048576K
}
Event: 2286.054 GC heap before
{Heap before GC invocations=101 (full 13):
 PSYoungGen      total 170496K, used 147456K [0x00000000d5d00000, 0x00000000e1980000, 0x0000000100000000)
  eden space 147456K, 100% used [0x00000000d5d00000,0x00000000ded00000,0x00000000ded00000)
  from space 23040K, 0% used [0x00000000ded00000,0x00000000ded00000,0x00000000e0380000)
  to   space 22528K, 0% used [0x00000000e0380000,0x00000000e0380000,0x00000000e1980000)
 ParOldGen       total 69120K, used 54736K [0x0000000081600000, 0x0000000085980000, 0x00000000d5d00000)
  object space 69120K, 79% used [0x0000000081600000,0x0000000084b741f0,0x0000000085980000)
 Metaspace       used 87702K, capacity 93342K, committed 93696K, reserved 1132544K
  class space    used 10587K, capacity 11478K, committed 11520K, reserved 1048576K
Event: 2286.070 GC heap after
Heap after GC invocations=101 (full 13):
 PSYoungGen      total 170496K, used 11676K [0x00000000d5d00000, 0x00000000e1900000, 0x0000000100000000)
  eden space 148480K, 0% used [0x00000000d5d00000,0x00000000d5d00000,0x00000000dee00000)
  from space 22016K, 53% used [0x00000000e0380000,0x00000000e0ee7068,0x00000000e1900000)
  to   space 22016K, 0% used [0x00000000dee00000,0x00000000dee00000,0x00000000e0380000)
 ParOldGen       total 69120K, used 55440K [0x0000000081600000, 0x0000000085980000, 0x00000000d5d00000)
  object space 69120K, 80% used [0x0000000081600000,0x0000000084c241f0,0x0000000085980000)
 Metaspace       used 87702K, capacity 93342K, committed 93696K, reserved 1132544K
  class space    used 10587K, capacity 11478K, committed 11520K, reserved 1048576K
}
Event: 2287.041 GC heap before
{Heap before GC invocations=102 (full 13):
 PSYoungGen      total 170496K, used 160156K [0x00000000d5d00000, 0x00000000e1900000, 0x0000000100000000)
  eden space 148480K, 100% used [0x00000000d5d00000,0x00000000dee00000,0x00000000dee00000)
  from space 22016K, 53% used [0x00000000e0380000,0x00000000e0ee7068,0x00000000e1900000)
  to   space 22016K, 0% used [0x00000000dee00000,0x00000000dee00000,0x00000000e0380000)
 ParOldGen       total 69120K, used 55440K [0x0000000081600000, 0x0000000085980000, 0x00000000d5d00000)
  object space 69120K, 80% used [0x0000000081600000,0x0000000084c241f0,0x0000000085980000)
 Metaspace       used 88562K, capacity 94254K, committed 94592K, reserved 1132544K
  class space    used 10648K, capacity 11554K, committed 11648K, reserved 1048576K
Event: 2287.053 GC heap after
Heap after GC invocations=102 (full 13):
 PSYoungGen      total 170496K, used 15176K [0x00000000d5d00000, 0x00000000e1a80000, 0x0000000100000000)
  eden space 148480K, 0% used [0x00000000d5d00000,0x00000000d5d00000,0x00000000dee00000)
  from space 22016K, 68% used [0x00000000dee00000,0x00000000dfcd2128,0x00000000e0380000)
  to   space 22016K, 0% used [0x00000000e0500000,0x00000000e0500000,0x00000000e1a80000)
 ParOldGen       total 69120K, used 56616K [0x0000000081600000, 0x0000000085980000, 0x00000000d5d00000)
  object space 69120K, 81% used [0x0000000081600000,0x0000000084d4a1f0,0x0000000085980000)
 Metaspace       used 88562K, capacity 94254K, committed 94592K, reserved 1132544K
  class space    used 10648K, capacity 11554K, committed 11648K, reserved 1048576K
}
Event: 2298.513 GC heap before
{Heap before GC invocations=103 (full 13):
 PSYoungGen      total 170496K, used 145185K [0x00000000d5d00000, 0x00000000e1a80000, 0x0000000100000000)
  eden space 148480K, 87% used [0x00000000d5d00000,0x00000000ddbf6688,0x00000000dee00000)
  from space 22016K, 68% used [0x00000000dee00000,0x00000000dfcd2128,0x00000000e0380000)
  to   space 22016K, 0% used [0x00000000e0500000,0x00000000e0500000,0x00000000e1a80000)
 ParOldGen       total 69120K, used 56616K [0x0000000081600000, 0x0000000085980000, 0x00000000d5d00000)
  object space 69120K, 81% used [0x0000000081600000,0x0000000084d4a1f0,0x0000000085980000)
 Metaspace       used 89096K, capacity 95042K, committed 95232K, reserved 1132544K
  class space    used 10718K, capacity 11671K, committed 11776K, reserved 1048576K
Event: 2298.524 GC heap after
Heap after GC invocations=103 (full 13):
 PSYoungGen      total 171008K, used 11525K [0x00000000d5d00000, 0x00000000e1980000, 0x0000000100000000)
  eden space 150016K, 0% used [0x00000000d5d00000,0x00000000d5d00000,0x00000000def80000)
  from space 20992K, 54% used [0x00000000e0500000,0x00000000e1041470,0x00000000e1980000)
  to   space 21504K, 0% used [0x00000000def80000,0x00000000def80000,0x00000000e0480000)
 ParOldGen       total 69120K, used 59188K [0x0000000081600000, 0x0000000085980000, 0x00000000d5d00000)
  object space 69120K, 85% used [0x0000000081600000,0x0000000084fcd160,0x0000000085980000)
 Metaspace       used 89096K, capacity 95042K, committed 95232K, reserved 1132544K
  class space    used 10718K, capacity 11671K, committed 11776K, reserved 1048576K
}
Event: 2298.524 GC heap before
{Heap before GC invocations=104 (full 14):
 PSYoungGen      total 171008K, used 11525K [0x00000000d5d00000, 0x00000000e1980000, 0x0000000100000000)
  eden space 150016K, 0% used [0x00000000d5d00000,0x00000000d5d00000,0x00000000def80000)
  from space 20992K, 54% used [0x00000000e0500000,0x00000000e1041470,0x00000000e1980000)
  to   space 21504K, 0% used [0x00000000def80000,0x00000000def80000,0x00000000e0480000)
 ParOldGen       total 69120K, used 59188K [0x0000000081600000, 0x0000000085980000, 0x00000000d5d00000)
  object space 69120K, 85% used [0x0000000081600000,0x0000000084fcd160,0x0000000085980000)
 Metaspace       used 89096K, capacity 95042K, committed 95232K, reserved 1132544K
  class space    used 10718K, capacity 11671K, committed 11776K, reserved 1048576K
Event: 2298.855 GC heap after
Heap after GC invocations=104 (full 14):
 PSYoungGen      total 171008K, used 0K [0x00000000d5d00000, 0x00000000e1980000, 0x0000000100000000)
  eden space 150016K, 0% used [0x00000000d5d00000,0x00000000d5d00000,0x00000000def80000)
  from space 20992K, 0% used [0x00000000e0500000,0x00000000e0500000,0x00000000e1980000)
  to   space 21504K, 0% used [0x00000000def80000,0x00000000def80000,0x00000000e0480000)
 ParOldGen       total 69120K, used 68426K [0x0000000081600000, 0x0000000085980000, 0x00000000d5d00000)
  object space 69120K, 98% used [0x0000000081600000,0x00000000858d29f0,0x0000000085980000)
 Metaspace       used 89054K, capacity 94976K, committed 95232K, reserved 1132544K
  class space    used 10712K, capacity 11660K, committed 11776K, reserved 1048576K
}

